0 info it worked if it ends with ok
1 verbose cli [ 'C:\\Program Files\\nodejs\\node.exe',
1 verbose cli   'C:\\Program Files\\nodejs\\node_modules\\npm\\bin\\npm-cli.js',
1 verbose cli   'run',
1 verbose cli   'start' ]
2 info using npm@3.10.8
3 info using node@v7.0.0
4 verbose run-script [ 'prestart', 'start', 'poststart' ]
5 info lifecycle react-router-ru-tutorial@1.0.0~prestart: react-router-ru-tutorial@1.0.0
6 silly lifecycle react-router-ru-tutorial@1.0.0~prestart: no script for prestart, continuing
7 info lifecycle react-router-ru-tutorial@1.0.0~start: react-router-ru-tutorial@1.0.0
8 verbose lifecycle react-router-ru-tutorial@1.0.0~start: unsafe-perm in lifecycle true
9 verbose lifecycle react-router-ru-tutorial@1.0.0~start: PATH: C:\Users\ysobol\AppData\Roaming\nvm\v7.0.0\node_modules\npm\bin\node-gyp-bin;C:\Фин\provectus-finance\node_modules\.bin;C:\Program Files\Microsoft MPI\Bin\;C:\ProgramData\Oracle\Java\javapath;C:\Windows\system32;C:\Windows;C:\Windows\System32\Wbem;C:\Windows\System32\WindowsPowerShell\v1.0\;C:\Program Files (x86)\NVIDIA Corporation\PhysX\Common;C:\Program Files\Microsoft SQL Server\130\Tools\Binn\;C:\Program Files\Microsoft SQL Server\110\Tools\Binn\;C:\Program Files\Microsoft SQL Server\120\Tools\Binn\;C:\Program Files\TortoiseGit\bin;C:\WINDOWS\system32;C:\WINDOWS;C:\WINDOWS\System32\Wbem;C:\WINDOWS\System32\WindowsPowerShell\v1.0\;C:\Program Files\Microsoft\Web Platform Installer\;C:\Users\ysobol\Desktop\apache-maven-3.3.9\bin;C:\Program Files\dotnet\;C:\Program Files (x86)\Skype\Phone\;C:\Program Files (x86)\GtkSharp\2.12\bin;C:\Program Files\Microsoft SQL Server\Client SDK\ODBC\130\Tools\Binn\;C:\Program Files (x86)\Microsoft SQL Server\130\Tools\Binn\;C:\Program Files\Microsoft SQL Server\130\DTS\Binn\;C:\Program Files\Git\cmd;C:\Program Files (x86)\Yarn\bin;C:\Users\ysobol\AppData\Roaming\nvm;C:\Program Files\nodejs;C:\Program Files (x86)\Microsoft SQL Server\Client SDK\ODBC\130\Tools\Binn\;C:\Program Files (x86)\Microsoft SQL Server\140\Tools\Binn\;C:\Program Files (x86)\Microsoft SQL Server\140\DTS\Binn\;C:\Program Files (x86)\Microsoft SQL Server\140\Tools\Binn\ManagementStudio\;C:\WINDOWS\System32\OpenSSH\;C:\Program Files (x86)\Microsoft VS Code\bin;C:\Users\ysobol\AppData\Local\Microsoft\WindowsApps;C:\Users\ysobol\AppData\Roaming\npm;C:\Program Files (x86)\Microsoft VS Code\bin;C:\Users\ysobol\AppData\Local\GitHubDesktop\bin;C:\Users\ysobol\AppData\Local\Yarn\bin;C:\Users\ysobol\AppData\Roaming\nvm;C:\Program Files\nodejs;C:\Users\ysobol\AppData\Local\Microsoft\WindowsApps;
10 verbose lifecycle react-router-ru-tutorial@1.0.0~start: CWD: C:\Фин\provectus-finance
11 silly lifecycle react-router-ru-tutorial@1.0.0~start: Args: [ '/d /s /c',
11 silly lifecycle   'set NODE_ENV=development&&webpack --config webpack.config.js --progress' ]
12 silly lifecycle react-router-ru-tutorial@1.0.0~start: Returned: code: 1  signal: null
13 info lifecycle react-router-ru-tutorial@1.0.0~start: Failed to exec start script
14 verbose stack Error: react-router-ru-tutorial@1.0.0 start: `set NODE_ENV=development&&webpack --config webpack.config.js --progress`
14 verbose stack Exit status 1
14 verbose stack     at EventEmitter.<anonymous> (C:\Users\ysobol\AppData\Roaming\nvm\v7.0.0\node_modules\npm\lib\utils\lifecycle.js:255:16)
14 verbose stack     at emitTwo (events.js:106:13)
14 verbose stack     at EventEmitter.emit (events.js:191:7)
14 verbose stack     at ChildProcess.<anonymous> (C:\Users\ysobol\AppData\Roaming\nvm\v7.0.0\node_modules\npm\lib\utils\spawn.js:40:14)
14 verbose stack     at emitTwo (events.js:106:13)
14 verbose stack     at ChildProcess.emit (events.js:191:7)
14 verbose stack     at maybeClose (internal/child_process.js:877:16)
14 verbose stack     at Process.ChildProcess._handle.onexit (internal/child_process.js:226:5)
15 verbose pkgid react-router-ru-tutorial@1.0.0
16 verbose cwd C:\Фин\provectus-finance\src
17 error Windows_NT 10.0.17134
18 error argv "C:\\Program Files\\nodejs\\node.exe" "C:\\Program Files\\nodejs\\node_modules\\npm\\bin\\npm-cli.js" "run" "start"
19 error node v7.0.0
20 error npm  v3.10.8
21 error code ELIFECYCLE
22 error react-router-ru-tutorial@1.0.0 start: `set NODE_ENV=development&&webpack --config webpack.config.js --progress`
22 error Exit status 1
23 error Failed at the react-router-ru-tutorial@1.0.0 start script 'set NODE_ENV=development&&webpack --config webpack.config.js --progress'.
23 error Make sure you have the latest version of node.js and npm installed.
23 error If you do, this is most likely a problem with the react-router-ru-tutorial package,
23 error not with npm itself.
23 error Tell the author that this fails on your system:
23 error     set NODE_ENV=development&&webpack --config webpack.config.js --progress
23 error You can get information on how to open an issue for this project with:
23 error     npm bugs react-router-ru-tutorial
23 error Or if that isn't available, you can get their info via:
23 error     npm owner ls react-router-ru-tutorial
23 error There is likely additional logging output above.
24 verbose exit [ 1, true ]
